Change Component Designator: Old Designator=*8 New Designator=*7
Change Component Designator: Old Designator=*9 New Designator=*8
Change Component Designator: Old Designator=C1 New Designator=C5
Change Component Designator: Old Designator=C1 New Designator=C7
Change Component Designator: Old Designator=C2 New Designator=C6
Change Component Designator: Old Designator=C2 New Designator=C9
Change Component Designator: Old Designator=C3 New Designator=C11
Change Component Designator: Old Designator=C4 New Designator=C1
Change Component Designator: Old Designator=C4 New Designator=C12
Change Component Designator: Old Designator=C5 New Designator=C13
Change Component Designator: Old Designator=C6 New Designator=C14
Change Component Designator: Old Designator=C7 New Designator=C20
Change Component Designator: Old Designator=C8 New Designator=C19
Change Component Designator: Old Designator=C8 New Designator=C21
Change Component Designator: Old Designator=C9 New Designator=C15
Change Component Designator: Old Designator=C10 New Designator=C17
Change Component Designator: Old Designator=C10 New Designator=C22
Change Component Designator: Old Designator=C11 New Designator=C18
Change Component Designator: Old Designator=C11 New Designator=C23
Change Component Designator: Old Designator=C12 New Designator=C16
Change Component Designator: Old Designator=C12 New Designator=C24
Change Component Designator: Old Designator=C13 New Designator=C25
Change Component Designator: Old Designator=C14 New Designator=C26
Change Component Designator: Old Designator=c15 New Designator=c8
Change Component Designator: Old Designator=c16 New Designator=c10
Change Component Designator: Old Designator=C19 New Designator=C2
Change Component Designator: Old Designator=C20 New Designator=C4
Change Component Designator: Old Designator=ISO1 New Designator=ISO2
Change Component Designator: Old Designator=P1 New Designator=P6
Change Component Designator: Old Designator=P2 New Designator=P3
Change Component Designator: Old Designator=P2 New Designator=P7
Change Component Designator: Old Designator=P3 New Designator=P8
Change Component Designator: Old Designator=P4 New Designator=P9
Change Component Designator: Old Designator=P5 New Designator=P10
Change Component Designator: Old Designator=P6 New Designator=P11
Change Component Designator: Old Designator=P? New Designator=P2
Change Component Designator: Old Designator=P? New Designator=P4
Change Component Designator: Old Designator=P? New Designator=P5
Change Component Designator: Old Designator=P? New Designator=P12
Change Component Designator: Old Designator=P? New Designator=P13
Change Component Designator: Old Designator=P? New Designator=P14
Change Component Designator: Old Designator=R1 New Designator=R2
Change Component Designator: Old Designator=R2 New Designator=R3
Change Component Designator: Old Designator=R3 New Designator=R6
Change Component Designator: Old Designator=R6 New Designator=R1
Change Component Designator: Old Designator=R11 New Designator=R7
Change Component Designator: Old Designator=R12 New Designator=R8
Change Component Designator: Old Designator=R13 New Designator=R9
Change Component Designator: Old Designator=R14 New Designator=R10
Change Component Designator: Old Designator=t2 New Designator=t1
Change Component Designator: Old Designator=u2 New Designator=u6
Change Component Designator: Old Designator=u6 New Designator=u2
Change Component Designator: Old Designator=u7 New Designator=u3
